<?xml version="1.0" encoding="UTF-8"?>
<!-- Generated by org.testng.reporters.JUnitXMLReporter -->
<testsuite hostname="Iasmim-PC" name="Command line test" tests="60" failures="60" timestamp="22 Nov 2014 03:38:42 GMT" time="0.236" errors="0">
  <testcase name="testExecutarDivulgacao" time="0.023" classname="br.ufg.inf.fabrica.mural.central.dominio.ExecutaDivulgacaoNGTest">
    <failure type="java.lang.AssertionError" message="O caso de teste é um protótipo.">
      <![CDATA[java.lang.AssertionError: O caso de teste é um protótipo.
	at br.ufg.inf.fabrica.mural.central.dominio.ExecutaDivulgacaoNGTest.testExecutarDivulgacao(ExecutaDivulgacaoNGTest.java:51)
... Removed 35 stack frames]]>
    </failure>
  </testcase> <!-- testExecutarDivulgacao -->
  <testcase name="testAgendarNotificacao" time="0.003" classname="br.ufg.inf.fabrica.mural.central.dominio.NotificacaoNGTest">
    <failure type="java.lang.NullPointerException">
      <![CDATA[java.lang.NullPointerException
	at br.ufg.inf.fabrica.mural.central.dominio.NotificacaoNGTest.testAgendarNotificacao(NotificacaoNGTest.java:257)
... Removed 34 stack frames]]>
    </failure>
  </testcase> <!-- testAgendarNotificacao -->
  <testcase name="testDesabilitarNotificacoesDirigidas" time="0.001" classname="br.ufg.inf.fabrica.mural.central.dominio.NotificacaoNGTest">
    <failure type="java.lang.NullPointerException">
      <![CDATA[java.lang.NullPointerException
	at br.ufg.inf.fabrica.mural.central.dominio.NotificacaoNGTest.testDesabilitarNotificacoesDirigidas(NotificacaoNGTest.java:241)
... Removed 34 stack frames]]>
    </failure>
  </testcase> <!-- testDesabilitarNotificacoesDirigidas -->
  <testcase name="testGetIdDispositivo" time="0.0" classname="br.ufg.inf.fabrica.mural.central.dominio.NotificacaoNGTest">
    <failure type="java.lang.NullPointerException">
      <![CDATA[java.lang.NullPointerException
	at br.ufg.inf.fabrica.mural.central.dominio.NotificacaoNGTest.testGetIdDispositivo(NotificacaoNGTest.java:133)
... Removed 34 stack frames]]>
    </failure>
  </testcase> <!-- testGetIdDispositivo -->
  <testcase name="testGetIdUsuario" time="0.0" classname="br.ufg.inf.fabrica.mural.central.dominio.NotificacaoNGTest">
    <failure type="java.lang.NullPointerException">
      <![CDATA[java.lang.NullPointerException
	at br.ufg.inf.fabrica.mural.central.dominio.NotificacaoNGTest.testGetIdUsuario(NotificacaoNGTest.java:187)
... Removed 34 stack frames]]>
    </failure>
  </testcase> <!-- testGetIdUsuario -->
  <testcase name="testGetLogin" time="0.0" classname="br.ufg.inf.fabrica.mural.central.dominio.NotificacaoNGTest">
    <failure type="java.lang.NullPointerException">
      <![CDATA[java.lang.NullPointerException
	at br.ufg.inf.fabrica.mural.central.dominio.NotificacaoNGTest.testGetLogin(NotificacaoNGTest.java:160)
... Removed 34 stack frames]]>
    </failure>
  </testcase> <!-- testGetLogin -->
  <testcase name="testGetMensagem" time="0.0" classname="br.ufg.inf.fabrica.mural.central.dominio.NotificacaoNGTest">
    <failure type="java.lang.NullPointerException">
      <![CDATA[java.lang.NullPointerException
	at br.ufg.inf.fabrica.mural.central.dominio.NotificacaoNGTest.testGetMensagem(NotificacaoNGTest.java:79)
... Removed 34 stack frames]]>
    </failure>
  </testcase> <!-- testGetMensagem -->
  <testcase name="testGetSenha" time="0.0" classname="br.ufg.inf.fabrica.mural.central.dominio.NotificacaoNGTest">
    <failure type="java.lang.NullPointerException">
      <![CDATA[java.lang.NullPointerException
	at br.ufg.inf.fabrica.mural.central.dominio.NotificacaoNGTest.testGetSenha(NotificacaoNGTest.java:106)
... Removed 34 stack frames]]>
    </failure>
  </testcase> <!-- testGetSenha -->
  <testcase name="testGetTimer" time="0.0" classname="br.ufg.inf.fabrica.mural.central.dominio.NotificacaoNGTest">
    <failure type="java.lang.NullPointerException">
      <![CDATA[java.lang.NullPointerException
	at br.ufg.inf.fabrica.mural.central.dominio.NotificacaoNGTest.testGetTimer(NotificacaoNGTest.java:52)
... Removed 34 stack frames]]>
    </failure>
  </testcase> <!-- testGetTimer -->
  <testcase name="testGetUsuario" time="0.001" classname="br.ufg.inf.fabrica.mural.central.dominio.NotificacaoNGTest">
    <failure type="java.lang.NullPointerException">
      <![CDATA[java.lang.NullPointerException
	at br.ufg.inf.fabrica.mural.central.dominio.NotificacaoNGTest.testGetUsuario(NotificacaoNGTest.java:214)
... Removed 34 stack frames]]>
    </failure>
  </testcase> <!-- testGetUsuario -->
  <testcase name="testObterDispositivos" time="0.001" classname="br.ufg.inf.fabrica.mural.central.dominio.NotificacaoNGTest">
    <failure type="java.lang.NullPointerException">
      <![CDATA[java.lang.NullPointerException
	at br.ufg.inf.fabrica.mural.central.dominio.NotificacaoNGTest.testObterDispositivos(NotificacaoNGTest.java:284)
... Removed 34 stack frames]]>
    </failure>
  </testcase> <!-- testObterDispositivos -->
  <testcase name="testRegistrarComFalha" time="0.0" classname="br.ufg.inf.fabrica.mural.central.dominio.NotificacaoNGTest">
    <failure type="java.lang.NullPointerException">
      <![CDATA[java.lang.NullPointerException
	at br.ufg.inf.fabrica.mural.central.dominio.NotificacaoNGTest.testRegistrarComFalha(NotificacaoNGTest.java:271)
... Removed 34 stack frames]]>
    </failure>
  </testcase> <!-- testRegistrarComFalha -->
  <testcase name="testSetIdDispositivo" time="0.0" classname="br.ufg.inf.fabrica.mural.central.dominio.NotificacaoNGTest">
    <failure type="java.lang.NullPointerException">
      <![CDATA[java.lang.NullPointerException
	at br.ufg.inf.fabrica.mural.central.dominio.NotificacaoNGTest.testSetIdDispositivo(NotificacaoNGTest.java:147)
... Removed 34 stack frames]]>
    </failure>
  </testcase> <!-- testSetIdDispositivo -->
  <testcase name="testSetIdUsuario" time="0.0" classname="br.ufg.inf.fabrica.mural.central.dominio.NotificacaoNGTest">
    <failure type="java.lang.NullPointerException">
      <![CDATA[java.lang.NullPointerException
	at br.ufg.inf.fabrica.mural.central.dominio.NotificacaoNGTest.testSetIdUsuario(NotificacaoNGTest.java:201)
... Removed 34 stack frames]]>
    </failure>
  </testcase> <!-- testSetIdUsuario -->
  <testcase name="testSetLogin" time="0.001" classname="br.ufg.inf.fabrica.mural.central.dominio.NotificacaoNGTest">
    <failure type="java.lang.NullPointerException">
      <![CDATA[java.lang.NullPointerException
	at br.ufg.inf.fabrica.mural.central.dominio.NotificacaoNGTest.testSetLogin(NotificacaoNGTest.java:174)
... Removed 34 stack frames]]>
    </failure>
  </testcase> <!-- testSetLogin -->
  <testcase name="testSetMensagem" time="0.001" classname="br.ufg.inf.fabrica.mural.central.dominio.NotificacaoNGTest">
    <failure type="java.lang.NullPointerException">
      <![CDATA[java.lang.NullPointerException
	at br.ufg.inf.fabrica.mural.central.dominio.NotificacaoNGTest.testSetMensagem(NotificacaoNGTest.java:93)
... Removed 34 stack frames]]>
    </failure>
  </testcase> <!-- testSetMensagem -->
  <testcase name="testSetSenha" time="0.0" classname="br.ufg.inf.fabrica.mural.central.dominio.NotificacaoNGTest">
    <failure type="java.lang.NullPointerException">
      <![CDATA[java.lang.NullPointerException
	at br.ufg.inf.fabrica.mural.central.dominio.NotificacaoNGTest.testSetSenha(NotificacaoNGTest.java:120)
... Removed 34 stack frames]]>
    </failure>
  </testcase> <!-- testSetSenha -->
  <testcase name="testSetTimer" time="0.0" classname="br.ufg.inf.fabrica.mural.central.dominio.NotificacaoNGTest">
    <failure type="java.lang.NullPointerException">
      <![CDATA[java.lang.NullPointerException
	at br.ufg.inf.fabrica.mural.central.dominio.NotificacaoNGTest.testSetTimer(NotificacaoNGTest.java:66)
... Removed 34 stack frames]]>
    </failure>
  </testcase> <!-- testSetTimer -->
  <testcase name="testSetUsuario" time="0.0" classname="br.ufg.inf.fabrica.mural.central.dominio.NotificacaoNGTest">
    <failure type="java.lang.NullPointerException">
      <![CDATA[java.lang.NullPointerException
	at br.ufg.inf.fabrica.mural.central.dominio.NotificacaoNGTest.testSetUsuario(NotificacaoNGTest.java:228)
... Removed 34 stack frames]]>
    </failure>
  </testcase> <!-- testSetUsuario -->
  <testcase name="testGetId" time="0.003" classname="br.ufg.inf.fabrica.mural.central.dominio.PapelDeUsuarioNGTest">
    <failure type="java.lang.NullPointerException">
      <![CDATA[java.lang.NullPointerException
	at br.ufg.inf.fabrica.mural.central.dominio.PapelDeUsuarioNGTest.testGetId(PapelDeUsuarioNGTest.java:50)
... Removed 34 stack frames]]>
    </failure>
  </testcase> <!-- testGetId -->
  <testcase name="testGetNome" time="0.0" classname="br.ufg.inf.fabrica.mural.central.dominio.PapelDeUsuarioNGTest">
    <failure type="java.lang.NullPointerException">
      <![CDATA[java.lang.NullPointerException
	at br.ufg.inf.fabrica.mural.central.dominio.PapelDeUsuarioNGTest.testGetNome(PapelDeUsuarioNGTest.java:77)
... Removed 34 stack frames]]>
    </failure>
  </testcase> <!-- testGetNome -->
  <testcase name="testObterGrupos" time="0.0" classname="br.ufg.inf.fabrica.mural.central.dominio.PapelDeUsuarioNGTest">
    <failure type="java.lang.NullPointerException">
      <![CDATA[java.lang.NullPointerException
	at br.ufg.inf.fabrica.mural.central.dominio.PapelDeUsuarioNGTest.testObterGrupos(PapelDeUsuarioNGTest.java:103)
... Removed 34 stack frames]]>
    </failure>
  </testcase> <!-- testObterGrupos -->
  <testcase name="testObterPapeisUsuario" time="0.001" classname="br.ufg.inf.fabrica.mural.central.dominio.PapelDeUsuarioNGTest">
    <failure type="java.lang.NullPointerException">
      <![CDATA[java.lang.NullPointerException
	at br.ufg.inf.fabrica.mural.central.dominio.PapelDeUsuarioNGTest.testObterPapeisUsuario(PapelDeUsuarioNGTest.java:131)
... Removed 34 stack frames]]>
    </failure>
  </testcase> <!-- testObterPapeisUsuario -->
  <testcase name="testPapelDeUsuario" time="0.0" classname="br.ufg.inf.fabrica.mural.central.dominio.PapelDeUsuarioNGTest">
    <failure type="java.lang.NullPointerException">
      <![CDATA[java.lang.NullPointerException
	at br.ufg.inf.fabrica.mural.central.dominio.PapelDeUsuarioNGTest.testPapelDeUsuario(PapelDeUsuarioNGTest.java:117)
... Removed 34 stack frames]]>
    </failure>
  </testcase> <!-- testPapelDeUsuario -->
  <testcase name="testSetId" time="0.0" classname="br.ufg.inf.fabrica.mural.central.dominio.PapelDeUsuarioNGTest">
    <failure type="java.lang.NullPointerException">
      <![CDATA[java.lang.NullPointerException
	at br.ufg.inf.fabrica.mural.central.dominio.PapelDeUsuarioNGTest.testSetId(PapelDeUsuarioNGTest.java:64)
... Removed 34 stack frames]]>
    </failure>
  </testcase> <!-- testSetId -->
  <testcase name="testSetNome" time="0.0" classname="br.ufg.inf.fabrica.mural.central.dominio.PapelDeUsuarioNGTest">
    <failure type="java.lang.NullPointerException">
      <![CDATA[java.lang.NullPointerException
	at br.ufg.inf.fabrica.mural.central.dominio.PapelDeUsuarioNGTest.testSetNome(PapelDeUsuarioNGTest.java:91)
... Removed 34 stack frames]]>
    </failure>
  </testcase> <!-- testSetNome -->
  <testcase name="testExecutarSolicitacao" time="0.003" classname="br.ufg.inf.fabrica.mural.central.dominio.SolicitacaoOuvidoriaNGTest">
    <failure type="java.lang.NullPointerException">
      <![CDATA[java.lang.NullPointerException
	at br.ufg.inf.fabrica.mural.central.dominio.SolicitacaoOuvidoriaNGTest.testExecutarSolicitacao(SolicitacaoOuvidoriaNGTest.java:332)
... Removed 34 stack frames]]>
    </failure>
  </testcase> <!-- testExecutarSolicitacao -->
  <testcase name="testGetGrupoDestinatario" time="0.001" classname="br.ufg.inf.fabrica.mural.central.dominio.SolicitacaoOuvidoriaNGTest">
    <failure type="java.lang.NullPointerException">
      <![CDATA[java.lang.NullPointerException
	at br.ufg.inf.fabrica.mural.central.dominio.SolicitacaoOuvidoriaNGTest.testGetGrupoDestinatario(SolicitacaoOuvidoriaNGTest.java:239)
... Removed 34 stack frames]]>
    </failure>
  </testcase> <!-- testGetGrupoDestinatario -->
  <testcase name="testGetIdDispositivo" time="0.0" classname="br.ufg.inf.fabrica.mural.central.dominio.SolicitacaoOuvidoriaNGTest">
    <failure type="java.lang.NullPointerException">
      <![CDATA[java.lang.NullPointerException
	at br.ufg.inf.fabrica.mural.central.dominio.SolicitacaoOuvidoriaNGTest.testGetIdDispositivo(SolicitacaoOuvidoriaNGTest.java:158)
... Removed 34 stack frames]]>
    </failure>
  </testcase> <!-- testGetIdDispositivo -->
  <testcase name="testGetIdMensagem" time="0.001" classname="br.ufg.inf.fabrica.mural.central.dominio.SolicitacaoOuvidoriaNGTest">
    <failure type="java.lang.NullPointerException">
      <![CDATA[java.lang.NullPointerException
	at br.ufg.inf.fabrica.mural.central.dominio.SolicitacaoOuvidoriaNGTest.testGetIdMensagem(SolicitacaoOuvidoriaNGTest.java:50)
... Removed 34 stack frames]]>
    </failure>
  </testcase> <!-- testGetIdMensagem -->
  <testcase name="testGetIdUsuario" time="0.001" classname="br.ufg.inf.fabrica.mural.central.dominio.SolicitacaoOuvidoriaNGTest">
    <failure type="java.lang.NullPointerException">
      <![CDATA[java.lang.NullPointerException
	at br.ufg.inf.fabrica.mural.central.dominio.SolicitacaoOuvidoriaNGTest.testGetIdUsuario(SolicitacaoOuvidoriaNGTest.java:185)
... Removed 34 stack frames]]>
    </failure>
  </testcase> <!-- testGetIdUsuario -->
  <testcase name="testGetListaGrupoDestinatario" time="0.0" classname="br.ufg.inf.fabrica.mural.central.dominio.SolicitacaoOuvidoriaNGTest">
    <failure type="java.lang.NullPointerException">
      <![CDATA[java.lang.NullPointerException
	at br.ufg.inf.fabrica.mural.central.dominio.SolicitacaoOuvidoriaNGTest.testGetListaGrupoDestinatario(SolicitacaoOuvidoriaNGTest.java:212)
... Removed 34 stack frames]]>
    </failure>
  </testcase> <!-- testGetListaGrupoDestinatario -->
  <testcase name="testGetListaGrupoUsuarios" time="0.0" classname="br.ufg.inf.fabrica.mural.central.dominio.SolicitacaoOuvidoriaNGTest">
    <failure type="java.lang.NullPointerException">
      <![CDATA[java.lang.NullPointerException
	at br.ufg.inf.fabrica.mural.central.dominio.SolicitacaoOuvidoriaNGTest.testGetListaGrupoUsuarios(SolicitacaoOuvidoriaNGTest.java:266)
... Removed 34 stack frames]]>
    </failure>
  </testcase> <!-- testGetListaGrupoUsuarios -->
  <testcase name="testGetLogin" time="0.001" classname="br.ufg.inf.fabrica.mural.central.dominio.SolicitacaoOuvidoriaNGTest">
    <failure type="java.lang.NullPointerException">
      <![CDATA[java.lang.NullPointerException
	at br.ufg.inf.fabrica.mural.central.dominio.SolicitacaoOuvidoriaNGTest.testGetLogin(SolicitacaoOuvidoriaNGTest.java:104)
... Removed 34 stack frames]]>
    </failure>
  </testcase> <!-- testGetLogin -->
  <testcase name="testGetMensagem" time="0.0" classname="br.ufg.inf.fabrica.mural.central.dominio.SolicitacaoOuvidoriaNGTest">
    <failure type="java.lang.NullPointerException">
      <![CDATA[java.lang.NullPointerException
	at br.ufg.inf.fabrica.mural.central.dominio.SolicitacaoOuvidoriaNGTest.testGetMensagem(SolicitacaoOuvidoriaNGTest.java:77)
... Removed 34 stack frames]]>
    </failure>
  </testcase> <!-- testGetMensagem -->
  <testcase name="testGetSenha" time="0.0" classname="br.ufg.inf.fabrica.mural.central.dominio.SolicitacaoOuvidoriaNGTest">
    <failure type="java.lang.NullPointerException">
      <![CDATA[java.lang.NullPointerException
	at br.ufg.inf.fabrica.mural.central.dominio.SolicitacaoOuvidoriaNGTest.testGetSenha(SolicitacaoOuvidoriaNGTest.java:131)
... Removed 34 stack frames]]>
    </failure>
  </testcase> <!-- testGetSenha -->
  <testcase name="testGetUser" time="0.0" classname="br.ufg.inf.fabrica.mural.central.dominio.SolicitacaoOuvidoriaNGTest">
    <failure type="java.lang.NullPointerException">
      <![CDATA[java.lang.NullPointerException
	at br.ufg.inf.fabrica.mural.central.dominio.SolicitacaoOuvidoriaNGTest.testGetUser(SolicitacaoOuvidoriaNGTest.java:293)
... Removed 34 stack frames]]>
    </failure>
  </testcase> <!-- testGetUser -->
  <testcase name="testSetGrupoDestinatario" time="0.0" classname="br.ufg.inf.fabrica.mural.central.dominio.SolicitacaoOuvidoriaNGTest">
    <failure type="java.lang.NullPointerException">
      <![CDATA[java.lang.NullPointerException
	at br.ufg.inf.fabrica.mural.central.dominio.SolicitacaoOuvidoriaNGTest.testSetGrupoDestinatario(SolicitacaoOuvidoriaNGTest.java:253)
... Removed 34 stack frames]]>
    </failure>
  </testcase> <!-- testSetGrupoDestinatario -->
  <testcase name="testSetIdDispositivo" time="0.001" classname="br.ufg.inf.fabrica.mural.central.dominio.SolicitacaoOuvidoriaNGTest">
    <failure type="java.lang.NullPointerException">
      <![CDATA[java.lang.NullPointerException
	at br.ufg.inf.fabrica.mural.central.dominio.SolicitacaoOuvidoriaNGTest.testSetIdDispositivo(SolicitacaoOuvidoriaNGTest.java:172)
... Removed 34 stack frames]]>
    </failure>
  </testcase> <!-- testSetIdDispositivo -->
  <testcase name="testSetIdMensagem" time="0.0" classname="br.ufg.inf.fabrica.mural.central.dominio.SolicitacaoOuvidoriaNGTest">
    <failure type="java.lang.NullPointerException">
      <![CDATA[java.lang.NullPointerException
	at br.ufg.inf.fabrica.mural.central.dominio.SolicitacaoOuvidoriaNGTest.testSetIdMensagem(SolicitacaoOuvidoriaNGTest.java:64)
... Removed 34 stack frames]]>
    </failure>
  </testcase> <!-- testSetIdMensagem -->
  <testcase name="testSetIdUsuario" time="0.0" classname="br.ufg.inf.fabrica.mural.central.dominio.SolicitacaoOuvidoriaNGTest">
    <failure type="java.lang.NullPointerException">
      <![CDATA[java.lang.NullPointerException
	at br.ufg.inf.fabrica.mural.central.dominio.SolicitacaoOuvidoriaNGTest.testSetIdUsuario(SolicitacaoOuvidoriaNGTest.java:199)
... Removed 34 stack frames]]>
    </failure>
  </testcase> <!-- testSetIdUsuario -->
  <testcase name="testSetListaGrupoDestinatario" time="0.001" classname="br.ufg.inf.fabrica.mural.central.dominio.SolicitacaoOuvidoriaNGTest">
    <failure type="java.lang.NullPointerException">
      <![CDATA[java.lang.NullPointerException
	at br.ufg.inf.fabrica.mural.central.dominio.SolicitacaoOuvidoriaNGTest.testSetListaGrupoDestinatario(SolicitacaoOuvidoriaNGTest.java:226)
... Removed 34 stack frames]]>
    </failure>
  </testcase> <!-- testSetListaGrupoDestinatario -->
  <testcase name="testSetListaGrupoUsuarios" time="0.001" classname="br.ufg.inf.fabrica.mural.central.dominio.SolicitacaoOuvidoriaNGTest">
    <failure type="java.lang.NullPointerException">
      <![CDATA[java.lang.NullPointerException
	at br.ufg.inf.fabrica.mural.central.dominio.SolicitacaoOuvidoriaNGTest.testSetListaGrupoUsuarios(SolicitacaoOuvidoriaNGTest.java:280)
... Removed 34 stack frames]]>
    </failure>
  </testcase> <!-- testSetListaGrupoUsuarios -->
  <testcase name="testSetLogin" time="0.001" classname="br.ufg.inf.fabrica.mural.central.dominio.SolicitacaoOuvidoriaNGTest">
    <failure type="java.lang.NullPointerException">
      <![CDATA[java.lang.NullPointerException
	at br.ufg.inf.fabrica.mural.central.dominio.SolicitacaoOuvidoriaNGTest.testSetLogin(SolicitacaoOuvidoriaNGTest.java:118)
... Removed 34 stack frames]]>
    </failure>
  </testcase> <!-- testSetLogin -->
  <testcase name="testSetMensagem" time="0.001" classname="br.ufg.inf.fabrica.mural.central.dominio.SolicitacaoOuvidoriaNGTest">
    <failure type="java.lang.NullPointerException">
      <![CDATA[java.lang.NullPointerException
	at br.ufg.inf.fabrica.mural.central.dominio.SolicitacaoOuvidoriaNGTest.testSetMensagem(SolicitacaoOuvidoriaNGTest.java:91)
... Removed 34 stack frames]]>
    </failure>
  </testcase> <!-- testSetMensagem -->
  <testcase name="testSetSenha" time="0.001" classname="br.ufg.inf.fabrica.mural.central.dominio.SolicitacaoOuvidoriaNGTest">
    <failure type="java.lang.NullPointerException">
      <![CDATA[java.lang.NullPointerException
	at br.ufg.inf.fabrica.mural.central.dominio.SolicitacaoOuvidoriaNGTest.testSetSenha(SolicitacaoOuvidoriaNGTest.java:145)
... Removed 34 stack frames]]>
    </failure>
  </testcase> <!-- testSetSenha -->
  <testcase name="testSetUser" time="0.0" classname="br.ufg.inf.fabrica.mural.central.dominio.SolicitacaoOuvidoriaNGTest">
    <failure type="java.lang.NullPointerException">
      <![CDATA[java.lang.NullPointerException
	at br.ufg.inf.fabrica.mural.central.dominio.SolicitacaoOuvidoriaNGTest.testSetUser(SolicitacaoOuvidoriaNGTest.java:307)
... Removed 34 stack frames]]>
    </failure>
  </testcase> <!-- testSetUser -->
  <testcase name="testSolicitacaoOuvidoria" time="0.0" classname="br.ufg.inf.fabrica.mural.central.dominio.SolicitacaoOuvidoriaNGTest">
    <failure type="java.lang.NullPointerException">
      <![CDATA[java.lang.NullPointerException
	at br.ufg.inf.fabrica.mural.central.dominio.SolicitacaoOuvidoriaNGTest.testSolicitacaoOuvidoria(SolicitacaoOuvidoriaNGTest.java:320)
... Removed 34 stack frames]]>
    </failure>
  </testcase> <!-- testSolicitacaoOuvidoria -->
  <testcase name="testValidarInformacao" time="0.0" classname="br.ufg.inf.fabrica.mural.central.dominio.SolicitacaoOuvidoriaNGTest">
    <failure type="java.lang.NullPointerException">
      <![CDATA[java.lang.NullPointerException
	at br.ufg.inf.fabrica.mural.central.dominio.SolicitacaoOuvidoriaNGTest.testValidarInformacao(SolicitacaoOuvidoriaNGTest.java:346)
... Removed 34 stack frames]]>
    </failure>
  </testcase> <!-- testValidarInformacao -->
  <testcase name="testGetId" time="0.003" classname="br.ufg.inf.fabrica.mural.central.dominio.UsuarioNGTest">
    <failure type="java.lang.NullPointerException">
      <![CDATA[java.lang.NullPointerException
	at br.ufg.inf.fabrica.mural.central.dominio.UsuarioNGTest.testGetId(UsuarioNGTest.java:50)
... Removed 34 stack frames]]>
    </failure>
  </testcase> <!-- testGetId -->
  <testcase name="testGetLogin" time="0.0" classname="br.ufg.inf.fabrica.mural.central.dominio.UsuarioNGTest">
    <failure type="java.lang.NullPointerException">
      <![CDATA[java.lang.NullPointerException
	at br.ufg.inf.fabrica.mural.central.dominio.UsuarioNGTest.testGetLogin(UsuarioNGTest.java:77)
... Removed 34 stack frames]]>
    </failure>
  </testcase> <!-- testGetLogin -->
  <testcase name="testGetSenha" time="0.001" classname="br.ufg.inf.fabrica.mural.central.dominio.UsuarioNGTest">
    <failure type="java.lang.NullPointerException">
      <![CDATA[java.lang.NullPointerException
	at br.ufg.inf.fabrica.mural.central.dominio.UsuarioNGTest.testGetSenha(UsuarioNGTest.java:104)
... Removed 34 stack frames]]>
    </failure>
  </testcase> <!-- testGetSenha -->
  <testcase name="testIsAdministrador" time="0.0" classname="br.ufg.inf.fabrica.mural.central.dominio.UsuarioNGTest">
    <failure type="java.lang.NullPointerException">
      <![CDATA[java.lang.NullPointerException
	at br.ufg.inf.fabrica.mural.central.dominio.UsuarioNGTest.testIsAdministrador(UsuarioNGTest.java:158)
... Removed 34 stack frames]]>
    </failure>
  </testcase> <!-- testIsAdministrador -->
  <testcase name="testIsApenasProdutor" time="0.001" classname="br.ufg.inf.fabrica.mural.central.dominio.UsuarioNGTest">
    <failure type="java.lang.NullPointerException">
      <![CDATA[java.lang.NullPointerException
	at br.ufg.inf.fabrica.mural.central.dominio.UsuarioNGTest.testIsApenasProdutor(UsuarioNGTest.java:131)
... Removed 34 stack frames]]>
    </failure>
  </testcase> <!-- testIsApenasProdutor -->
  <testcase name="testObterUsuariosGrupo" time="0.001" classname="br.ufg.inf.fabrica.mural.central.dominio.UsuarioNGTest">
    <failure type="java.lang.NullPointerException">
      <![CDATA[java.lang.NullPointerException
	at br.ufg.inf.fabrica.mural.central.dominio.UsuarioNGTest.testObterUsuariosGrupo(UsuarioNGTest.java:186)
... Removed 34 stack frames]]>
    </failure>
  </testcase> <!-- testObterUsuariosGrupo -->
  <testcase name="testSetAdministrador" time="0.001" classname="br.ufg.inf.fabrica.mural.central.dominio.UsuarioNGTest">
    <failure type="java.lang.NullPointerException">
      <![CDATA[java.lang.NullPointerException
	at br.ufg.inf.fabrica.mural.central.dominio.UsuarioNGTest.testSetAdministrador(UsuarioNGTest.java:172)
... Removed 34 stack frames]]>
    </failure>
  </testcase> <!-- testSetAdministrador -->
  <testcase name="testSetApenasProdutor" time="0.0" classname="br.ufg.inf.fabrica.mural.central.dominio.UsuarioNGTest">
    <failure type="java.lang.NullPointerException">
      <![CDATA[java.lang.NullPointerException
	at br.ufg.inf.fabrica.mural.central.dominio.UsuarioNGTest.testSetApenasProdutor(UsuarioNGTest.java:145)
... Removed 34 stack frames]]>
    </failure>
  </testcase> <!-- testSetApenasProdutor -->
  <testcase name="testSetId" time="0.0" classname="br.ufg.inf.fabrica.mural.central.dominio.UsuarioNGTest">
    <failure type="java.lang.NullPointerException">
      <![CDATA[java.lang.NullPointerException
	at br.ufg.inf.fabrica.mural.central.dominio.UsuarioNGTest.testSetId(UsuarioNGTest.java:64)
... Removed 34 stack frames]]>
    </failure>
  </testcase> <!-- testSetId -->
  <testcase name="testSetLogin" time="0.001" classname="br.ufg.inf.fabrica.mural.central.dominio.UsuarioNGTest">
    <failure type="java.lang.NullPointerException">
      <![CDATA[java.lang.NullPointerException
	at br.ufg.inf.fabrica.mural.central.dominio.UsuarioNGTest.testSetLogin(UsuarioNGTest.java:91)
... Removed 34 stack frames]]>
    </failure>
  </testcase> <!-- testSetLogin -->
  <testcase name="testSetSenha" time="0.001" classname="br.ufg.inf.fabrica.mural.central.dominio.UsuarioNGTest">
    <failure type="java.lang.NullPointerException">
      <![CDATA[java.lang.NullPointerException
	at br.ufg.inf.fabrica.mural.central.dominio.UsuarioNGTest.testSetSenha(UsuarioNGTest.java:118)
... Removed 34 stack frames]]>
    </failure>
  </testcase> <!-- testSetSenha -->
</testsuite> <!-- Command line test -->
