-------------------------------------------------------------------------------
Test set: TestSuite
-------------------------------------------------------------------------------
Tests run: 60, Failures: 60, Errors: 0, Skipped: 0, Time elapsed: 10.973 sec <<< FAILURE!
testExecutarDivulgacao(br.ufg.inf.fabrica.mural.central.dominio.ExecutaDivulgacaoNGTest)  Time elapsed: 0.03 sec  <<< FAILURE!
java.lang.AssertionError: O caso de teste é um protótipo.
	at org.testng.Assert.fail(Assert.java:94)
	at br.ufg.inf.fabrica.mural.central.dominio.ExecutaDivulgacaoNGTest.testExecutarDivulgacao(ExecutaDivulgacaoNGTest.java:51)
testAgendarNotificacao(br.ufg.inf.fabrica.mural.central.dominio.NotificacaoNGTest)  Time elapsed: 0.001 sec  <<< FAILURE!
java.lang.NullPointerException
	at br.ufg.inf.fabrica.mural.central.dominio.NotificacaoNGTest.testAgendarNotificacao(NotificacaoNGTest.java:257)
testDesabilitarNotificacoesDirigidas(br.ufg.inf.fabrica.mural.central.dominio.NotificacaoNGTest)  Time elapsed: 0 sec  <<< FAILURE!
java.lang.NullPointerException
	at br.ufg.inf.fabrica.mural.central.dominio.NotificacaoNGTest.testDesabilitarNotificacoesDirigidas(NotificacaoNGTest.java:241)
testGetIdDispositivo(br.ufg.inf.fabrica.mural.central.dominio.NotificacaoNGTest)  Time elapsed: 0 sec  <<< FAILURE!
java.lang.NullPointerException
	at br.ufg.inf.fabrica.mural.central.dominio.NotificacaoNGTest.testGetIdDispositivo(NotificacaoNGTest.java:133)
testGetIdUsuario(br.ufg.inf.fabrica.mural.central.dominio.NotificacaoNGTest)  Time elapsed: 0.001 sec  <<< FAILURE!
java.lang.NullPointerException
	at br.ufg.inf.fabrica.mural.central.dominio.NotificacaoNGTest.testGetIdUsuario(NotificacaoNGTest.java:187)
testGetLogin(br.ufg.inf.fabrica.mural.central.dominio.NotificacaoNGTest)  Time elapsed: 0 sec  <<< FAILURE!
java.lang.NullPointerException
	at br.ufg.inf.fabrica.mural.central.dominio.NotificacaoNGTest.testGetLogin(NotificacaoNGTest.java:160)
testGetMensagem(br.ufg.inf.fabrica.mural.central.dominio.NotificacaoNGTest)  Time elapsed: 0 sec  <<< FAILURE!
java.lang.NullPointerException
	at br.ufg.inf.fabrica.mural.central.dominio.NotificacaoNGTest.testGetMensagem(NotificacaoNGTest.java:79)
testGetSenha(br.ufg.inf.fabrica.mural.central.dominio.NotificacaoNGTest)  Time elapsed: 0 sec  <<< FAILURE!
java.lang.NullPointerException
	at br.ufg.inf.fabrica.mural.central.dominio.NotificacaoNGTest.testGetSenha(NotificacaoNGTest.java:106)
testGetTimer(br.ufg.inf.fabrica.mural.central.dominio.NotificacaoNGTest)  Time elapsed: 0 sec  <<< FAILURE!
java.lang.NullPointerException
	at br.ufg.inf.fabrica.mural.central.dominio.NotificacaoNGTest.testGetTimer(NotificacaoNGTest.java:52)
testGetUsuario(br.ufg.inf.fabrica.mural.central.dominio.NotificacaoNGTest)  Time elapsed: 0 sec  <<< FAILURE!
java.lang.NullPointerException
	at br.ufg.inf.fabrica.mural.central.dominio.NotificacaoNGTest.testGetUsuario(NotificacaoNGTest.java:214)
testObterDispositivos(br.ufg.inf.fabrica.mural.central.dominio.NotificacaoNGTest)  Time elapsed: 0 sec  <<< FAILURE!
java.lang.NullPointerException
	at br.ufg.inf.fabrica.mural.central.dominio.NotificacaoNGTest.testObterDispositivos(NotificacaoNGTest.java:284)
testRegistrarComFalha(br.ufg.inf.fabrica.mural.central.dominio.NotificacaoNGTest)  Time elapsed: 0.001 sec  <<< FAILURE!
java.lang.NullPointerException
	at br.ufg.inf.fabrica.mural.central.dominio.NotificacaoNGTest.testRegistrarComFalha(NotificacaoNGTest.java:271)
testSetIdDispositivo(br.ufg.inf.fabrica.mural.central.dominio.NotificacaoNGTest)  Time elapsed: 0.001 sec  <<< FAILURE!
java.lang.NullPointerException
	at br.ufg.inf.fabrica.mural.central.dominio.NotificacaoNGTest.testSetIdDispositivo(NotificacaoNGTest.java:147)
testSetIdUsuario(br.ufg.inf.fabrica.mural.central.dominio.NotificacaoNGTest)  Time elapsed: 0.001 sec  <<< FAILURE!
java.lang.NullPointerException
	at br.ufg.inf.fabrica.mural.central.dominio.NotificacaoNGTest.testSetIdUsuario(NotificacaoNGTest.java:201)
testSetLogin(br.ufg.inf.fabrica.mural.central.dominio.NotificacaoNGTest)  Time elapsed: 0.001 sec  <<< FAILURE!
java.lang.NullPointerException
	at br.ufg.inf.fabrica.mural.central.dominio.NotificacaoNGTest.testSetLogin(NotificacaoNGTest.java:174)
testSetMensagem(br.ufg.inf.fabrica.mural.central.dominio.NotificacaoNGTest)  Time elapsed: 0.001 sec  <<< FAILURE!
java.lang.NullPointerException
	at br.ufg.inf.fabrica.mural.central.dominio.NotificacaoNGTest.testSetMensagem(NotificacaoNGTest.java:93)
testSetSenha(br.ufg.inf.fabrica.mural.central.dominio.NotificacaoNGTest)  Time elapsed: 0.001 sec  <<< FAILURE!
java.lang.NullPointerException
	at br.ufg.inf.fabrica.mural.central.dominio.NotificacaoNGTest.testSetSenha(NotificacaoNGTest.java:120)
testSetTimer(br.ufg.inf.fabrica.mural.central.dominio.NotificacaoNGTest)  Time elapsed: 0.001 sec  <<< FAILURE!
java.lang.NullPointerException
	at br.ufg.inf.fabrica.mural.central.dominio.NotificacaoNGTest.testSetTimer(NotificacaoNGTest.java:66)
testSetUsuario(br.ufg.inf.fabrica.mural.central.dominio.NotificacaoNGTest)  Time elapsed: 0.001 sec  <<< FAILURE!
java.lang.NullPointerException
	at br.ufg.inf.fabrica.mural.central.dominio.NotificacaoNGTest.testSetUsuario(NotificacaoNGTest.java:228)
testGetId(br.ufg.inf.fabrica.mural.central.dominio.PapelDeUsuarioNGTest)  Time elapsed: 0.003 sec  <<< FAILURE!
java.lang.NullPointerException
	at br.ufg.inf.fabrica.mural.central.dominio.PapelDeUsuarioNGTest.testGetId(PapelDeUsuarioNGTest.java:50)
testGetNome(br.ufg.inf.fabrica.mural.central.dominio.PapelDeUsuarioNGTest)  Time elapsed: 0.001 sec  <<< FAILURE!
java.lang.NullPointerException
	at br.ufg.inf.fabrica.mural.central.dominio.PapelDeUsuarioNGTest.testGetNome(PapelDeUsuarioNGTest.java:77)
testObterGrupos(br.ufg.inf.fabrica.mural.central.dominio.PapelDeUsuarioNGTest)  Time elapsed: 0.001 sec  <<< FAILURE!
java.lang.NullPointerException
	at br.ufg.inf.fabrica.mural.central.dominio.PapelDeUsuarioNGTest.testObterGrupos(PapelDeUsuarioNGTest.java:103)
testObterPapeisUsuario(br.ufg.inf.fabrica.mural.central.dominio.PapelDeUsuarioNGTest)  Time elapsed: 0 sec  <<< FAILURE!
java.lang.NullPointerException
	at br.ufg.inf.fabrica.mural.central.dominio.PapelDeUsuarioNGTest.testObterPapeisUsuario(PapelDeUsuarioNGTest.java:131)
testPapelDeUsuario(br.ufg.inf.fabrica.mural.central.dominio.PapelDeUsuarioNGTest)  Time elapsed: 0.001 sec  <<< FAILURE!
java.lang.NullPointerException
	at br.ufg.inf.fabrica.mural.central.dominio.PapelDeUsuarioNGTest.testPapelDeUsuario(PapelDeUsuarioNGTest.java:117)
testSetId(br.ufg.inf.fabrica.mural.central.dominio.PapelDeUsuarioNGTest)  Time elapsed: 0.001 sec  <<< FAILURE!
java.lang.NullPointerException
	at br.ufg.inf.fabrica.mural.central.dominio.PapelDeUsuarioNGTest.testSetId(PapelDeUsuarioNGTest.java:64)
testSetNome(br.ufg.inf.fabrica.mural.central.dominio.PapelDeUsuarioNGTest)  Time elapsed: 0.001 sec  <<< FAILURE!
java.lang.NullPointerException
	at br.ufg.inf.fabrica.mural.central.dominio.PapelDeUsuarioNGTest.testSetNome(PapelDeUsuarioNGTest.java:91)
testExecutarSolicitacao(br.ufg.inf.fabrica.mural.central.dominio.SolicitacaoOuvidoriaNGTest)  Time elapsed: 0.004 sec  <<< FAILURE!
java.lang.NullPointerException
	at br.ufg.inf.fabrica.mural.central.dominio.SolicitacaoOuvidoriaNGTest.testExecutarSolicitacao(SolicitacaoOuvidoriaNGTest.java:332)
testGetGrupoDestinatario(br.ufg.inf.fabrica.mural.central.dominio.SolicitacaoOuvidoriaNGTest)  Time elapsed: 0.001 sec  <<< FAILURE!
java.lang.NullPointerException
	at br.ufg.inf.fabrica.mural.central.dominio.SolicitacaoOuvidoriaNGTest.testGetGrupoDestinatario(SolicitacaoOuvidoriaNGTest.java:239)
testGetIdDispositivo(br.ufg.inf.fabrica.mural.central.dominio.SolicitacaoOuvidoriaNGTest)  Time elapsed: 0.001 sec  <<< FAILURE!
java.lang.NullPointerException
	at br.ufg.inf.fabrica.mural.central.dominio.SolicitacaoOuvidoriaNGTest.testGetIdDispositivo(SolicitacaoOuvidoriaNGTest.java:158)
testGetIdMensagem(br.ufg.inf.fabrica.mural.central.dominio.SolicitacaoOuvidoriaNGTest)  Time elapsed: 0.001 sec  <<< FAILURE!
java.lang.NullPointerException
	at br.ufg.inf.fabrica.mural.central.dominio.SolicitacaoOuvidoriaNGTest.testGetIdMensagem(SolicitacaoOuvidoriaNGTest.java:50)
testGetIdUsuario(br.ufg.inf.fabrica.mural.central.dominio.SolicitacaoOuvidoriaNGTest)  Time elapsed: 0.001 sec  <<< FAILURE!
java.lang.NullPointerException
	at br.ufg.inf.fabrica.mural.central.dominio.SolicitacaoOuvidoriaNGTest.testGetIdUsuario(SolicitacaoOuvidoriaNGTest.java:185)
testGetListaGrupoDestinatario(br.ufg.inf.fabrica.mural.central.dominio.SolicitacaoOuvidoriaNGTest)  Time elapsed: 0.001 sec  <<< FAILURE!
java.lang.NullPointerException
	at br.ufg.inf.fabrica.mural.central.dominio.SolicitacaoOuvidoriaNGTest.testGetListaGrupoDestinatario(SolicitacaoOuvidoriaNGTest.java:212)
testGetListaGrupoUsuarios(br.ufg.inf.fabrica.mural.central.dominio.SolicitacaoOuvidoriaNGTest)  Time elapsed: 0.001 sec  <<< FAILURE!
java.lang.NullPointerException
	at br.ufg.inf.fabrica.mural.central.dominio.SolicitacaoOuvidoriaNGTest.testGetListaGrupoUsuarios(SolicitacaoOuvidoriaNGTest.java:266)
testGetLogin(br.ufg.inf.fabrica.mural.central.dominio.SolicitacaoOuvidoriaNGTest)  Time elapsed: 0 sec  <<< FAILURE!
java.lang.NullPointerException
	at br.ufg.inf.fabrica.mural.central.dominio.SolicitacaoOuvidoriaNGTest.testGetLogin(SolicitacaoOuvidoriaNGTest.java:104)
testGetMensagem(br.ufg.inf.fabrica.mural.central.dominio.SolicitacaoOuvidoriaNGTest)  Time elapsed: 0.003 sec  <<< FAILURE!
java.lang.NullPointerException
	at br.ufg.inf.fabrica.mural.central.dominio.SolicitacaoOuvidoriaNGTest.testGetMensagem(SolicitacaoOuvidoriaNGTest.java:77)
testGetSenha(br.ufg.inf.fabrica.mural.central.dominio.SolicitacaoOuvidoriaNGTest)  Time elapsed: 0.001 sec  <<< FAILURE!
java.lang.NullPointerException
	at br.ufg.inf.fabrica.mural.central.dominio.SolicitacaoOuvidoriaNGTest.testGetSenha(SolicitacaoOuvidoriaNGTest.java:131)
testGetUser(br.ufg.inf.fabrica.mural.central.dominio.SolicitacaoOuvidoriaNGTest)  Time elapsed: 0.001 sec  <<< FAILURE!
java.lang.NullPointerException
	at br.ufg.inf.fabrica.mural.central.dominio.SolicitacaoOuvidoriaNGTest.testGetUser(SolicitacaoOuvidoriaNGTest.java:293)
testSetGrupoDestinatario(br.ufg.inf.fabrica.mural.central.dominio.SolicitacaoOuvidoriaNGTest)  Time elapsed: 0.001 sec  <<< FAILURE!
java.lang.NullPointerException
	at br.ufg.inf.fabrica.mural.central.dominio.SolicitacaoOuvidoriaNGTest.testSetGrupoDestinatario(SolicitacaoOuvidoriaNGTest.java:253)
testSetIdDispositivo(br.ufg.inf.fabrica.mural.central.dominio.SolicitacaoOuvidoriaNGTest)  Time elapsed: 0.001 sec  <<< FAILURE!
java.lang.NullPointerException
	at br.ufg.inf.fabrica.mural.central.dominio.SolicitacaoOuvidoriaNGTest.testSetIdDispositivo(SolicitacaoOuvidoriaNGTest.java:172)
testSetIdMensagem(br.ufg.inf.fabrica.mural.central.dominio.SolicitacaoOuvidoriaNGTest)  Time elapsed: 0.005 sec  <<< FAILURE!
java.lang.NullPointerException
	at br.ufg.inf.fabrica.mural.central.dominio.SolicitacaoOuvidoriaNGTest.testSetIdMensagem(SolicitacaoOuvidoriaNGTest.java:64)
testSetIdUsuario(br.ufg.inf.fabrica.mural.central.dominio.SolicitacaoOuvidoriaNGTest)  Time elapsed: 0 sec  <<< FAILURE!
java.lang.NullPointerException
	at br.ufg.inf.fabrica.mural.central.dominio.SolicitacaoOuvidoriaNGTest.testSetIdUsuario(SolicitacaoOuvidoriaNGTest.java:199)
testSetListaGrupoDestinatario(br.ufg.inf.fabrica.mural.central.dominio.SolicitacaoOuvidoriaNGTest)  Time elapsed: 0 sec  <<< FAILURE!
java.lang.NullPointerException
	at br.ufg.inf.fabrica.mural.central.dominio.SolicitacaoOuvidoriaNGTest.testSetListaGrupoDestinatario(SolicitacaoOuvidoriaNGTest.java:226)
testSetListaGrupoUsuarios(br.ufg.inf.fabrica.mural.central.dominio.SolicitacaoOuvidoriaNGTest)  Time elapsed: 0 sec  <<< FAILURE!
java.lang.NullPointerException
	at br.ufg.inf.fabrica.mural.central.dominio.SolicitacaoOuvidoriaNGTest.testSetListaGrupoUsuarios(SolicitacaoOuvidoriaNGTest.java:280)
testSetLogin(br.ufg.inf.fabrica.mural.central.dominio.SolicitacaoOuvidoriaNGTest)  Time elapsed: 0 sec  <<< FAILURE!
java.lang.NullPointerException
	at br.ufg.inf.fabrica.mural.central.dominio.SolicitacaoOuvidoriaNGTest.testSetLogin(SolicitacaoOuvidoriaNGTest.java:118)
testSetMensagem(br.ufg.inf.fabrica.mural.central.dominio.SolicitacaoOuvidoriaNGTest)  Time elapsed: 0 sec  <<< FAILURE!
java.lang.NullPointerException
	at br.ufg.inf.fabrica.mural.central.dominio.SolicitacaoOuvidoriaNGTest.testSetMensagem(SolicitacaoOuvidoriaNGTest.java:91)
testSetSenha(br.ufg.inf.fabrica.mural.central.dominio.SolicitacaoOuvidoriaNGTest)  Time elapsed: 0.001 sec  <<< FAILURE!
java.lang.NullPointerException
	at br.ufg.inf.fabrica.mural.central.dominio.SolicitacaoOuvidoriaNGTest.testSetSenha(SolicitacaoOuvidoriaNGTest.java:145)
testSetUser(br.ufg.inf.fabrica.mural.central.dominio.SolicitacaoOuvidoriaNGTest)  Time elapsed: 0.001 sec  <<< FAILURE!
java.lang.NullPointerException
	at br.ufg.inf.fabrica.mural.central.dominio.SolicitacaoOuvidoriaNGTest.testSetUser(SolicitacaoOuvidoriaNGTest.java:307)
testSolicitacaoOuvidoria(br.ufg.inf.fabrica.mural.central.dominio.SolicitacaoOuvidoriaNGTest)  Time elapsed: 0 sec  <<< FAILURE!
java.lang.NullPointerException
	at br.ufg.inf.fabrica.mural.central.dominio.SolicitacaoOuvidoriaNGTest.testSolicitacaoOuvidoria(SolicitacaoOuvidoriaNGTest.java:320)
testValidarInformacao(br.ufg.inf.fabrica.mural.central.dominio.SolicitacaoOuvidoriaNGTest)  Time elapsed: 0.001 sec  <<< FAILURE!
java.lang.NullPointerException
	at br.ufg.inf.fabrica.mural.central.dominio.SolicitacaoOuvidoriaNGTest.testValidarInformacao(SolicitacaoOuvidoriaNGTest.java:346)
testGetId(br.ufg.inf.fabrica.mural.central.dominio.UsuarioNGTest)  Time elapsed: 0.004 sec  <<< FAILURE!
java.lang.NullPointerException
	at br.ufg.inf.fabrica.mural.central.dominio.UsuarioNGTest.testGetId(UsuarioNGTest.java:50)
testGetLogin(br.ufg.inf.fabrica.mural.central.dominio.UsuarioNGTest)  Time elapsed: 0.001 sec  <<< FAILURE!
java.lang.NullPointerException
	at br.ufg.inf.fabrica.mural.central.dominio.UsuarioNGTest.testGetLogin(UsuarioNGTest.java:77)
testGetSenha(br.ufg.inf.fabrica.mural.central.dominio.UsuarioNGTest)  Time elapsed: 0.001 sec  <<< FAILURE!
java.lang.NullPointerException
	at br.ufg.inf.fabrica.mural.central.dominio.UsuarioNGTest.testGetSenha(UsuarioNGTest.java:104)
testIsAdministrador(br.ufg.inf.fabrica.mural.central.dominio.UsuarioNGTest)  Time elapsed: 0.001 sec  <<< FAILURE!
java.lang.NullPointerException
	at br.ufg.inf.fabrica.mural.central.dominio.UsuarioNGTest.testIsAdministrador(UsuarioNGTest.java:158)
testIsApenasProdutor(br.ufg.inf.fabrica.mural.central.dominio.UsuarioNGTest)  Time elapsed: 0.002 sec  <<< FAILURE!
java.lang.NullPointerException
	at br.ufg.inf.fabrica.mural.central.dominio.UsuarioNGTest.testIsApenasProdutor(UsuarioNGTest.java:131)
testObterUsuariosGrupo(br.ufg.inf.fabrica.mural.central.dominio.UsuarioNGTest)  Time elapsed: 0 sec  <<< FAILURE!
java.lang.NullPointerException
	at br.ufg.inf.fabrica.mural.central.dominio.UsuarioNGTest.testObterUsuariosGrupo(UsuarioNGTest.java:186)
testSetAdministrador(br.ufg.inf.fabrica.mural.central.dominio.UsuarioNGTest)  Time elapsed: 0.001 sec  <<< FAILURE!
java.lang.NullPointerException
	at br.ufg.inf.fabrica.mural.central.dominio.UsuarioNGTest.testSetAdministrador(UsuarioNGTest.java:172)
testSetApenasProdutor(br.ufg.inf.fabrica.mural.central.dominio.UsuarioNGTest)  Time elapsed: 0.001 sec  <<< FAILURE!
java.lang.NullPointerException
	at br.ufg.inf.fabrica.mural.central.dominio.UsuarioNGTest.testSetApenasProdutor(UsuarioNGTest.java:145)
testSetId(br.ufg.inf.fabrica.mural.central.dominio.UsuarioNGTest)  Time elapsed: 0.001 sec  <<< FAILURE!
java.lang.NullPointerException
	at br.ufg.inf.fabrica.mural.central.dominio.UsuarioNGTest.testSetId(UsuarioNGTest.java:64)
testSetLogin(br.ufg.inf.fabrica.mural.central.dominio.UsuarioNGTest)  Time elapsed: 0 sec  <<< FAILURE!
java.lang.NullPointerException
	at br.ufg.inf.fabrica.mural.central.dominio.UsuarioNGTest.testSetLogin(UsuarioNGTest.java:91)
testSetSenha(br.ufg.inf.fabrica.mural.central.dominio.UsuarioNGTest)  Time elapsed: 0.001 sec  <<< FAILURE!
java.lang.NullPointerException
	at br.ufg.inf.fabrica.mural.central.dominio.UsuarioNGTest.testSetSenha(UsuarioNGTest.java:118)
